-------------------------------------------------------------------------------
Test set: runner.TestRunner
-------------------------------------------------------------------------------
Tests run: 1, Failures: 1, Errors: 0, Skipped: 0, Time elapsed: 2.157 s <<< FAILURE! -- in runner.TestRunner
runner.TestRunner.runScenario["Successful login with valid credentials", "Login functionality"](1) -- Time elapsed: 0.176 s <<< FAILURE!
io.cucumber.java.PendingException: TODO: implement me
	at stepDefinitions.LoginSteps.i_am_on_the_login_page(LoginSteps.java:16)
	at âœ½.I am on the login page(file:///C:/Users/Rajesh/Harikabc/CucumberOrangeHRM/src/test/resources/features/login.feature:4)

