<?xml version="1.0" encoding="UTF-8"?>
<testsuite xmlns:xsi="http://www.w3.org/2001/XMLSchema-instance" xsi:noNamespaceSchemaLocation="https://maven.apache.org/surefire/maven-surefire-plugin/xsd/surefire-test-report-3.0.xsd" version="3.0" name="runner.TestRunner" time="2.157" tests="1" errors="0" skipped="0" failures="1">
  <properties>
[...]
</properties>
  <testcase name="runScenario[&quot;Successful login with valid credentials&quot;, &quot;Login functionality&quot;](1)" classname="runner.TestRunner" time="0.176">
    <failure message="TODO: implement me" type="io.cucumber.java.PendingException"><![CDATA[io.cucumber.java.PendingException: TODO: implement me
	at stepDefinitions.LoginSteps.i_am_on_the_login_page(LoginSteps.java:16)
	at ✽.I am on the login page(file:///C:/Users/Rajesh/Harikabc/CucumberOrangeHRM/src/test/resources/features/login.feature:4)
]]></failure>
    <system-out><![CDATA[
Scenario: Successful login with valid credentials &amp#27;[90m# src/test/resources/features/login.feature:3&amp#27;[0m
  &amp#27;[33mGiven &amp#27;[0m&amp#27;[33mI am on the login page&amp#27;[0m                    &amp#27;[90m# stepDefinitions.LoginSteps.i_am_on_the_login_page()&amp#27;[0m
]]></system-out>
  </testcase>
</testsuite>