<?xml version="1.0" encoding="UTF-8"?>
<!-- Generated by org.testng.reporters.JUnitReportReporter -->
<testsuite hostname="DESKTOP-USVHKOQ" failures="0" tests="1" name="runner.TestRunner" time="0.158" errors="1" timestamp="2025-03-10T11:05:22 IST" skipped="0">
  <testcase classname="runner.TestRunner" name="runScenario" time="0.158">
    <error message="TODO: implement me" type="io.cucumber.java.PendingException">
      <![CDATA[io.cucumber.java.PendingException: TODO: implement me
at stepDefinitions.LoginSteps.i_am_on_the_login_page(LoginSteps.java:16)
at ✽.I am on the login page(file:///C:/Users/Rajesh/Harikabc/CucumberOrangeHRM/src/test/resources/features/login.feature:4)
]]>
    </error>
  </testcase> <!-- runScenario -->
  <system-out/>
</testsuite> <!-- runner.TestRunner -->
